0 info it worked if it ends with ok
1 verbose cli [ '/usr/local/Cellar/node/6.5.0/bin/node',
1 verbose cli   '/usr/local/bin/npm',
1 verbose cli   'publish' ]
2 info using npm@3.10.3
3 info using node@v6.5.0
4 verbose publish [ '.' ]
5 silly cache add args [ '.', null ]
6 verbose cache add spec .
7 silly cache add parsed spec Result {
7 silly cache add   raw: '.',
7 silly cache add   scope: null,
7 silly cache add   escapedName: null,
7 silly cache add   name: null,
7 silly cache add   rawSpec: '.',
7 silly cache add   spec: '/Users/byron/workspace/byron/blog',
7 silly cache add   type: 'directory' }
8 verbose addLocalDirectory /Users/byron/.npm/hexo-site/0.0.0/package.tgz not in flight; packing
9 verbose correctMkdir /Users/byron/.npm correctMkdir not in flight; initializing
10 info lifecycle hexo-site@0.0.0~prepublish: hexo-site@0.0.0
11 silly lifecycle hexo-site@0.0.0~prepublish: no script for prepublish, continuing
12 verbose tar pack [ '/Users/byron/.npm/hexo-site/0.0.0/package.tgz',
12 verbose tar pack   '/Users/byron/workspace/byron/blog' ]
13 verbose tarball /Users/byron/.npm/hexo-site/0.0.0/package.tgz
14 verbose folder /Users/byron/workspace/byron/blog
15 verbose addLocalTarball adding from inside cache /Users/byron/.npm/hexo-site/0.0.0/package.tgz
16 verbose correctMkdir /Users/byron/.npm correctMkdir not in flight; initializing
17 silly cache afterAdd hexo-site@0.0.0
18 verbose afterAdd /Users/byron/.npm/hexo-site/0.0.0/package/package.json not in flight; writing
19 verbose correctMkdir /Users/byron/.npm correctMkdir not in flight; initializing
20 verbose afterAdd /Users/byron/.npm/hexo-site/0.0.0/package/package.json written
21 silly publish { name: 'hexo-site',
21 silly publish   version: '0.0.0',
21 silly publish   private: true,
21 silly publish   hexo: { version: '3.2.2' },
21 silly publish   scripts:
21 silly publish    { start: 'hexo server',
21 silly publish      prestart: 'hexo generate -w &',
21 silly publish      publish: 'hexo deploy' },
21 silly publish   dependencies:
21 silly publish    { hexo: '^3.2.0',
21 silly publish      'hexo-generator-archive': '^0.1.4',
21 silly publish      'hexo-generator-category': '^0.1.3',
21 silly publish      'hexo-generator-index': '^0.2.0',
21 silly publish      'hexo-generator-tag': '^0.2.0',
21 silly publish      'hexo-renderer-ejs': '^0.2.0',
21 silly publish      'hexo-renderer-stylus': '^0.3.1',
21 silly publish      'hexo-renderer-marked': '^0.2.10',
21 silly publish      'hexo-server': '^0.2.0' },
21 silly publish   readme: 'hi , it\'s my personal blog.\n',
21 silly publish   readmeFilename: 'README.md',
21 silly publish   gitHead: '41b548dba34808393c7d3fe53ef0d7e121936ed0',
21 silly publish   description: 'hi , it\'s my personal blog.',
21 silly publish   _id: 'hexo-site@0.0.0',
21 silly publish   _shasum: '3d67ffc6583f7bd0da5c4a781d43d77ae9918337',
21 silly publish   _from: '.' }
22 verbose getPublishConfig undefined
23 verbose stack Error: This package has been marked as private
23 verbose stack Remove the 'private' field from the package.json to publish it.
23 verbose stack     at publish_ (/usr/local/lib/node_modules/npm/lib/publish.js:101:15)
23 verbose stack     at Array.<anonymous> (/usr/local/lib/node_modules/npm/node_modules/slide/lib/bind-actor.js:15:8)
23 verbose stack     at LOOP (/usr/local/lib/node_modules/npm/node_modules/slide/lib/chain.js:15:14)
23 verbose stack     at LOOP (/usr/local/lib/node_modules/npm/node_modules/slide/lib/chain.js:14:28)
23 verbose stack     at chain (/usr/local/lib/node_modules/npm/node_modules/slide/lib/chain.js:20:5)
23 verbose stack     at /usr/local/lib/node_modules/npm/lib/publish.js:73:5
23 verbose stack     at RES (/usr/local/lib/node_modules/npm/node_modules/inflight/inflight.js:23:14)
23 verbose stack     at f (/usr/local/lib/node_modules/npm/node_modules/once/once.js:17:25)
23 verbose stack     at /usr/local/lib/node_modules/npm/lib/cache.js:363:16
23 verbose stack     at /usr/local/lib/node_modules/npm/node_modules/write-file-atomic/index.js:29:9
24 verbose cwd /Users/byron/workspace/byron/blog
25 error Darwin 15.6.0
26 error argv "/usr/local/Cellar/node/6.5.0/bin/node" "/usr/local/bin/npm" "publish"
27 error node v6.5.0
28 error npm  v3.10.3
29 error This package has been marked as private
29 error Remove the 'private' field from the package.json to publish it.
30 error If you need help, you may report this error at:
30 error     <https://github.com/npm/npm/issues>
31 verbose exit [ 1, true ]
